INFO  [alembic.runtime.migration] Context impl SQLiteImpl.
INFO  [alembic.runtime.migration] Will assume non-transactional DDL.
INFO  [alembic.runtime.migration] Running upgrade  -> 754150c42088, Initial schema
2026-04-13 10:58:58,094 INFO sqlalchemy.engine.Engine BEGIN (implicit)
2026-04-13 10:58:58,098 INFO sqlalchemy.engine.Engine INSERT INTO problem (id, slug, title, description, latex_definition, complexity_class, is_assumption, status, current_runtime) VALUES (?, ?, ?, ?, ?, ?, ?, ?, ?)
2026-04-13 10:58:58,098 INFO sqlalchemy.engine.Engine [generated in 0.00054s] ('068e7fcd-bff2-4487-9a9b-ab933b1175d3', 'seth', 'Strong Exponential Time Hypothesis (SETH)', 'SETH states that for every $\\epsilon > 0$, there exists a $k$ such that $k$-SAT cannot be solved in $O(2^{(1-\\epsilon)n})$ time.', None, 'Assumption', 1, 'published', '2^n')
2026-04-13 10:58:58,101 INFO sqlalchemy.engine.Engine INSERT INTO problem (id, slug, title, description, latex_definition, complexity_class, is_assumption, status, current_runtime) VALUES (?, ?, ?, ?, ?, ?, ?, ?, ?), (?, ?, ?, ?, ?, ?, ?, ?, ?), (?, ?, ?, ?, ?, ?, ?, ?, ?)
2026-04-13 10:58:58,101 INFO sqlalchemy.engine.Engine [generated in 0.00038s (insertmanyvalues) 1/1 (unordered)] ('62b000f7-b56d-40a7-95c4-c32d0d71ff10', 'ov', 'Orthogonal Vectors (OV)', 'Given two sets $A, B \\subseteq \\{0,1\\}^d$ of size $n$, are there $a \\in A, b \\in B$ such that $a \\cdot b = 0$?', None, 'P', 0, 'published', 'n^2', 'f3a90a32-d226-47c9-bf2f-025ce8c91865', 'apsp', 'All-Pairs Shortest Paths (APSP)', 'Find the shortest paths between all pairs of vertices in an edge-weighted directed graph.', None, 'P', 0, 'published', 'n^3', '71e51296-0f92-4cb6-87c3-cb1244690e5e', 'neg-triangle', 'Negative Triangle', 'Does a given weighted graph contain a triangle with a negative sum of edge weights?', None, 'P', 0, 'published', 'n^3')
2026-04-13 10:58:58,103 INFO sqlalchemy.engine.Engine INSERT INTO user (username, role, id, email, hashed_password, is_active, is_superuser, is_verified) VALUES (?, ?, ?, ?, ?, ?, ?, ?)
2026-04-13 10:58:58,104 INFO sqlalchemy.engine.Engine [generated in 0.00031s] ('AdminCurator', 'curator', '65a02be6-5580-4980-90f4-b3837c6df4b0', 'curator@fgrdb.com', 'hashedpassword_placeholder', 1, 0, 1)
2026-04-13 10:58:58,107 INFO sqlalchemy.engine.Engine INSERT INTO reduction (id, source_id, target_id, type, technique, status, runtime_relation) VALUES (?, ?, ?, ?, ?, ?, ?), (?, ?, ?, ?, ?, ?, ?)
2026-04-13 10:58:58,107 INFO sqlalchemy.engine.Engine [generated in 0.00026s (insertmanyvalues) 1/1 (unordered)] ('d0774f96-e226-4af0-9e0b-c0179b02f770', '068e7fcd-bff2-4487-9a9b-ab933b1175d3', '62b000f7-b56d-40a7-95c4-c32d0d71ff10', 'deterministic', 'Split-and-List', 'published', '{"n_target": "2^{n/2}"}', 'd4b809bb-9cf6-4fcd-b8d6-8a785a0a6467', 'f3a90a32-d226-47c9-bf2f-025ce8c91865', '71e51296-0f92-4cb6-87c3-cb1244690e5e', 'deterministic', 'Subcubic Equivalence', 'published', '{"n_target": "n"}')
2026-04-13 10:58:58,108 INFO sqlalchemy.engine.Engine COMMIT
Database seeded successfully!

> frontend@0.0.0 dev
> vite


  VITE v8.0.8  ready in 484 ms

  ➜  Local:   http://localhost:5173/
  ➜  Network: use --host to expose
INFO:     Started server process [10061]
INFO:     Waiting for application startup.
INFO:     Application startup complete.
INFO:     Uvicorn running on http://127.0.0.1:8000 (Press CTRL+C to quit)
11:00:03 AM [vite] vite.config.ts changed, restarting server...
11:00:03 AM [vite] (client) Re-optimizing dependencies because vite config has changed
11:00:03 AM [vite] server restarted.
2026-04-13 11:02:07,812 INFO sqlalchemy.engine.Engine BEGIN (implicit)
2026-04-13 11:02:07,868 INFO sqlalchemy.engine.Engine SELECT problem.id, problem.slug, problem.title, problem.description, problem.latex_definition, problem.complexity_class, problem.is_assumption, problem.status, problem.current_runtime, problem.io_schema
FROM problem
2026-04-13 11:02:07,868 INFO sqlalchemy.engine.Engine [generated in 0.00109s] ()
2026-04-13 11:02:07,870 INFO sqlalchemy.engine.Engine BEGIN (implicit)
2026-04-13 11:02:07,872 INFO sqlalchemy.engine.Engine SELECT reduction.id, reduction.source_id, reduction.target_id, reduction.type, reduction.technique, reduction.status, reduction.runtime_relation
FROM reduction
2026-04-13 11:02:07,872 INFO sqlalchemy.engine.Engine [generated in 0.00033s] ()
INFO:     127.0.0.1:42570 - "GET /api/problems HTTP/1.1" 200 OK
2026-04-13 11:02:07,885 INFO sqlalchemy.engine.Engine ROLLBACK
INFO:     127.0.0.1:42582 - "GET /api/reductions HTTP/1.1" 200 OK
2026-04-13 11:02:07,925 INFO sqlalchemy.engine.Engine ROLLBACK
2026-04-13 11:02:07,928 INFO sqlalchemy.engine.Engine BEGIN (implicit)
2026-04-13 11:02:07,928 INFO sqlalchemy.engine.Engine SELECT reduction.id, reduction.source_id, reduction.target_id, reduction.type, reduction.technique, reduction.status, reduction.runtime_relation
FROM reduction
2026-04-13 11:02:07,928 INFO sqlalchemy.engine.Engine [cached since 0.05635s ago] ()
2026-04-13 11:02:07,929 INFO sqlalchemy.engine.Engine BEGIN (implicit)
2026-04-13 11:02:07,929 INFO sqlalchemy.engine.Engine SELECT problem.id, problem.slug, problem.title, problem.description, problem.latex_definition, problem.complexity_class, problem.is_assumption, problem.status, problem.current_runtime, problem.io_schema
FROM problem
2026-04-13 11:02:07,929 INFO sqlalchemy.engine.Engine [cached since 0.06253s ago] ()
INFO:     127.0.0.1:42570 - "GET /api/reductions HTTP/1.1" 200 OK
2026-04-13 11:02:07,931 INFO sqlalchemy.engine.Engine ROLLBACK
INFO:     127.0.0.1:42596 - "GET /api/problems HTTP/1.1" 200 OK
2026-04-13 11:02:07,933 INFO sqlalchemy.engine.Engine ROLLBACK
2026-04-13 11:03:16,305 INFO sqlalchemy.engine.Engine BEGIN (implicit)
2026-04-13 11:03:16,306 INFO sqlalchemy.engine.Engine SELECT problem.id, problem.slug, problem.title, problem.description, problem.latex_definition, problem.complexity_class, problem.is_assumption, problem.status, problem.current_runtime, problem.io_schema
FROM problem
2026-04-13 11:03:16,306 INFO sqlalchemy.engine.Engine [cached since 68.44s ago] ()
2026-04-13 11:03:16,307 INFO sqlalchemy.engine.Engine BEGIN (implicit)
2026-04-13 11:03:16,307 INFO sqlalchemy.engine.Engine SELECT reduction.id, reduction.source_id, reduction.target_id, reduction.type, reduction.technique, reduction.status, reduction.runtime_relation
FROM reduction
2026-04-13 11:03:16,307 INFO sqlalchemy.engine.Engine [cached since 68.44s ago] ()
INFO:     127.0.0.1:45284 - "GET /api/reductions HTTP/1.1" 200 OK
INFO:     127.0.0.1:45274 - "GET /api/problems HTTP/1.1" 200 OK
2026-04-13 11:03:16,311 INFO sqlalchemy.engine.Engine ROLLBACK
2026-04-13 11:03:16,312 INFO sqlalchemy.engine.Engine ROLLBACK
2026-04-13 11:03:16,316 INFO sqlalchemy.engine.Engine BEGIN (implicit)
2026-04-13 11:03:16,316 INFO sqlalchemy.engine.Engine SELECT problem.id, problem.slug, problem.title, problem.description, problem.latex_definition, problem.complexity_class, problem.is_assumption, problem.status, problem.current_runtime, problem.io_schema
FROM problem
2026-04-13 11:03:16,316 INFO sqlalchemy.engine.Engine [cached since 68.45s ago] ()
2026-04-13 11:03:16,317 INFO sqlalchemy.engine.Engine BEGIN (implicit)
2026-04-13 11:03:16,317 INFO sqlalchemy.engine.Engine SELECT reduction.id, reduction.source_id, reduction.target_id, reduction.type, reduction.technique, reduction.status, reduction.runtime_relation
FROM reduction
2026-04-13 11:03:16,317 INFO sqlalchemy.engine.Engine [cached since 68.45s ago] ()
INFO:     127.0.0.1:45284 - "GET /api/problems HTTP/1.1" 200 OK
2026-04-13 11:03:16,320 INFO sqlalchemy.engine.Engine ROLLBACK
INFO:     127.0.0.1:45300 - "GET /api/reductions HTTP/1.1" 200 OK
2026-04-13 11:03:16,321 INFO sqlalchemy.engine.Engine ROLLBACK
2026-04-13 11:03:44,882 INFO sqlalchemy.engine.Engine BEGIN (implicit)
2026-04-13 11:03:44,883 INFO sqlalchemy.engine.Engine SELECT problem.id, problem.slug, problem.title, problem.description, problem.latex_definition, problem.complexity_class, problem.is_assumption, problem.status, problem.current_runtime, problem.io_schema
FROM problem
2026-04-13 11:03:44,883 INFO sqlalchemy.engine.Engine [cached since 97.02s ago] ()
2026-04-13 11:03:44,884 INFO sqlalchemy.engine.Engine BEGIN (implicit)
2026-04-13 11:03:44,884 INFO sqlalchemy.engine.Engine SELECT reduction.id, reduction.source_id, reduction.target_id, reduction.type, reduction.technique, reduction.status, reduction.runtime_relation
FROM reduction
2026-04-13 11:03:44,884 INFO sqlalchemy.engine.Engine [cached since 97.01s ago] ()
INFO:     127.0.0.1:41810 - "GET /api/problems HTTP/1.1" 200 OK
2026-04-13 11:03:44,887 INFO sqlalchemy.engine.Engine ROLLBACK
INFO:     127.0.0.1:41824 - "GET /api/reductions HTTP/1.1" 200 OK
2026-04-13 11:03:44,889 INFO sqlalchemy.engine.Engine ROLLBACK
2026-04-13 11:03:44,892 INFO sqlalchemy.engine.Engine BEGIN (implicit)
2026-04-13 11:03:44,892 INFO sqlalchemy.engine.Engine SELECT problem.id, problem.slug, problem.title, problem.description, problem.latex_definition, problem.complexity_class, problem.is_assumption, problem.status, problem.current_runtime, problem.io_schema
FROM problem
2026-04-13 11:03:44,893 INFO sqlalchemy.engine.Engine [cached since 97.03s ago] ()
2026-04-13 11:03:44,894 INFO sqlalchemy.engine.Engine BEGIN (implicit)
2026-04-13 11:03:44,894 INFO sqlalchemy.engine.Engine SELECT reduction.id, reduction.source_id, reduction.target_id, reduction.type, reduction.technique, reduction.status, reduction.runtime_relation
FROM reduction
2026-04-13 11:03:44,894 INFO sqlalchemy.engine.Engine [cached since 97.02s ago] ()
INFO:     127.0.0.1:41810 - "GET /api/reductions HTTP/1.1" 200 OK
2026-04-13 11:03:44,897 INFO sqlalchemy.engine.Engine ROLLBACK
INFO:     127.0.0.1:41840 - "GET /api/problems HTTP/1.1" 200 OK
2026-04-13 11:03:44,899 INFO sqlalchemy.engine.Engine ROLLBACK
2026-04-13 11:04:53,999 INFO sqlalchemy.engine.Engine BEGIN (implicit)
2026-04-13 11:04:53,999 INFO sqlalchemy.engine.Engine SELECT problem.id, problem.slug, problem.title, problem.description, problem.latex_definition, problem.complexity_class, problem.is_assumption, problem.status, problem.current_runtime, problem.io_schema
FROM problem
2026-04-13 11:04:53,999 INFO sqlalchemy.engine.Engine [cached since 166.1s ago] ()
2026-04-13 11:04:54,000 INFO sqlalchemy.engine.Engine BEGIN (implicit)
2026-04-13 11:04:54,002 INFO sqlalchemy.engine.Engine SELECT reduction.id, reduction.source_id, reduction.target_id, reduction.type, reduction.technique, reduction.status, reduction.runtime_relation
FROM reduction
2026-04-13 11:04:54,002 INFO sqlalchemy.engine.Engine [cached since 166.1s ago] ()
INFO:     127.0.0.1:55338 - "GET /api/reductions HTTP/1.1" 200 OK
INFO:     127.0.0.1:55330 - "GET /api/problems HTTP/1.1" 200 OK
2026-04-13 11:04:54,007 INFO sqlalchemy.engine.Engine ROLLBACK
2026-04-13 11:04:54,007 INFO sqlalchemy.engine.Engine ROLLBACK
2026-04-13 11:04:54,012 INFO sqlalchemy.engine.Engine BEGIN (implicit)
2026-04-13 11:04:54,013 INFO sqlalchemy.engine.Engine SELECT problem.id, problem.slug, problem.title, problem.description, problem.latex_definition, problem.complexity_class, problem.is_assumption, problem.status, problem.current_runtime, problem.io_schema
FROM problem
2026-04-13 11:04:54,013 INFO sqlalchemy.engine.Engine [cached since 166.1s ago] ()
2026-04-13 11:04:54,014 INFO sqlalchemy.engine.Engine BEGIN (implicit)
2026-04-13 11:04:54,014 INFO sqlalchemy.engine.Engine SELECT reduction.id, reduction.source_id, reduction.target_id, reduction.type, reduction.technique, reduction.status, reduction.runtime_relation
FROM reduction
2026-04-13 11:04:54,014 INFO sqlalchemy.engine.Engine [cached since 166.1s ago] ()
INFO:     127.0.0.1:55338 - "GET /api/problems HTTP/1.1" 200 OK
2026-04-13 11:04:54,016 INFO sqlalchemy.engine.Engine ROLLBACK
INFO:     127.0.0.1:55354 - "GET /api/reductions HTTP/1.1" 200 OK
2026-04-13 11:04:54,017 INFO sqlalchemy.engine.Engine ROLLBACK
